<?xml version="1.0" encoding="UTF-8"?>
<!-- Generated by org.testng.reporters.JUnitReportReporter -->
<testsuite hostname="DESKTOP-CT70H6V" failures="0" tests="3" name="rahulshettyacademy.tests.SubmitOrderTest" time="44.552" errors="0" timestamp="2024-03-29T16:14:02 MEZ" skipped="0">
  <testcase classname="rahulshettyacademy.tests.SubmitOrderTest" name="SubmitOrder" time="17.833"/>
  <testcase classname="rahulshettyacademy.tests.SubmitOrderTest" name="SubmitOrder" time="21.557"/>
  <testcase classname="rahulshettyacademy.tests.SubmitOrderTest" name="orderHistoryTest" time="5.162"/>
</testsuite> <!-- rahulshettyacademy.tests.SubmitOrderTest -->
