<?xml version="1.0" encoding="UTF-8"?>
<!-- Generated by org.testng.reporters.JUnitReportReporter -->
<testsuite hostname="DESKTOP-CT70H6V" failures="0" tests="2" name="rahulshettyacademy.tests.ErrorValidation" time="23.737" errors="0" timestamp="2024-03-27T16:19:19 MEZ" skipped="0">
  <testcase classname="rahulshettyacademy.tests.ErrorValidation" name="ProductErrorValidation" time="16.445"/>
  <testcase classname="rahulshettyacademy.tests.ErrorValidation" name="LoginValidation" time="7.292"/>
</testsuite> <!-- rahulshettyacademy.tests.ErrorValidation -->
