<?xml version="1.0" encoding="UTF-8"?>
<!-- Generated by org.testng.reporters.JUnitReportReporter -->
<testsuite hostname="DESKTOP-CT70H6V" failures="0" tests="1" name="cucumber.TestNGRunner" time="19.346" errors="0" timestamp="2024-04-02T13:28:22 MESZ" skipped="0">
  <testcase classname="cucumber.TestNGRunner" name="runScenario" time="19.346"/>
</testsuite> <!-- cucumber.TestNGRunner -->
