<?xml version="1.0" encoding="UTF-8"?>
<!-- Generated by org.testng.reporters.JUnitReportReporter -->
<testsuite hostname="DESKTOP-CT70H6V" failures="0" tests="2" name="rahulshettyacademy.tests.ErrorValidationsTest" time="37.446" errors="0" timestamp="2024-04-03T05:25:03 MESZ" skipped="0">
  <testcase classname="rahulshettyacademy.tests.ErrorValidationsTest" name="ProductErrorValidation" time="31.092"/>
  <testcase classname="rahulshettyacademy.tests.ErrorValidationsTest" name="LoginValidation" time="6.354"/>
</testsuite> <!-- rahulshettyacademy.tests.ErrorValidationsTest -->
