<?xml version="1.0" encoding="UTF-8"?>
<!-- Generated by org.testng.reporters.JUnitReportReporter -->
<testsuite hostname="DESKTOP-CT70H6V" failures="0" tests="3" name="rahulshettyacademy.tests.SubmitOrderTest" time="46.627" errors="0" timestamp="2024-04-03T05:25:03 MESZ" skipped="0">
  <testcase classname="rahulshettyacademy.tests.SubmitOrderTest" name="orderHistoryTest" time="9.621"/>
  <testcase classname="rahulshettyacademy.tests.SubmitOrderTest" name="SubmitOrder" time="18.964"/>
  <testcase classname="rahulshettyacademy.tests.SubmitOrderTest" name="SubmitOrder" time="18.042"/>
</testsuite> <!-- rahulshettyacademy.tests.SubmitOrderTest -->
